<?xml version="1.0" encoding="UTF-8"?>
<testng-results ignored="0" total="0" passed="0" failed="0" skipped="0">
  <reporter-output>
  </reporter-output>
  <suite started-at="2023-03-24T01:31:23 TST" name="MyTestSuite" finished-at="2023-03-24T01:31:23 TST" duration-ms="3">
    <groups>
    </groups>
    <test started-at="2023-03-24T01:31:23 TST" name="MyTestClass" finished-at="2023-03-24T01:31:23 TST" duration-ms="3">
    </test> <!-- MyTestClass -->
  </suite> <!-- MyTestSuite -->
</testng-results>
